<?xml version="1.0" encoding="UTF-8"?>
<!-- Generated by org.testng.reporters.JUnitXMLReporter -->
<testsuite ignored="0" hostname="DESKTOP-KJIHQLH" failures="0" tests="3" name="Test" time="31.94" errors="0" timestamp="2024-05-21T22:57:49 EDT">
  <testcase classname="com.ws.testcase.TestLoginPage" name="testLoginPageTitle" time="0.656"/>
  <testcase classname="com.ws.testcase.TestLoginPage" name="testLoginFunction" time="2.338"/>
  <testcase classname="com.ws.testcase.TestLoginPage" name="testForgotPasswordDisplayed" time="0.652"/>
</testsuite> <!-- Test -->
