<?xml version="1.0" encoding="UTF-8"?>
<testng-results ignored="0" total="3" passed="3" failed="0" skipped="0">
  <reporter-output>
  </reporter-output>
  <suite started-at="2024-05-21T22:57:17 EDT" name="Suite" finished-at="2024-05-21T22:57:49 EDT" duration-ms="31940">
    <groups>
    </groups>
    <test started-at="2024-05-21T22:57:17 EDT" name="Test" finished-at="2024-05-21T22:57:49 EDT" duration-ms="31940">
      <class name="com.ws.testcase.TestLoginPage">
        <test-method is-config="true" signature="setUp()[pri:0, instance:com.ws.testcase.TestLoginPage@3aaf4f07]" started-at="2024-05-21T22:57:17 EDT" name="setUp" finished-at="2024-05-21T22:57:25 EDT" duration-ms="7561" status="PASS">
          <reporter-output>
          </reporter-output>
        </test-method> <!-- setUp -->
        <test-method signature="testLoginPageTitle()[pri:1, instance:com.ws.testcase.TestLoginPage@3aaf4f07]" started-at="2024-05-21T22:57:25 EDT" name="testLoginPageTitle" finished-at="2024-05-21T22:57:25 EDT" duration-ms="656" status="PASS">
          <reporter-output>
          </reporter-output>
        </test-method> <!-- testLoginPageTitle -->
        <test-method is-config="true" signature="tearDown()[pri:0, instance:com.ws.testcase.TestLoginPage@3aaf4f07]" started-at="2024-05-21T22:57:26 EDT" name="tearDown" finished-at="2024-05-21T22:57:30 EDT" duration-ms="4526" status="PASS">
          <reporter-output>
          </reporter-output>
        </test-method> <!-- tearDown -->
        <test-method is-config="true" signature="setUp()[pri:0, instance:com.ws.testcase.TestLoginPage@3aaf4f07]" started-at="2024-05-21T22:57:30 EDT" name="setUp" finished-at="2024-05-21T22:57:34 EDT" duration-ms="3533" status="PASS">
          <reporter-output>
          </reporter-output>
        </test-method> <!-- setUp -->
        <test-method signature="testLoginFunction()[pri:2, instance:com.ws.testcase.TestLoginPage@3aaf4f07]" started-at="2024-05-21T22:57:34 EDT" name="testLoginFunction" finished-at="2024-05-21T22:57:36 EDT" duration-ms="2338" status="PASS">
          <reporter-output>
          </reporter-output>
        </test-method> <!-- testLoginFunction -->
        <test-method is-config="true" signature="tearDown()[pri:0, instance:com.ws.testcase.TestLoginPage@3aaf4f07]" started-at="2024-05-21T22:57:36 EDT" name="tearDown" finished-at="2024-05-21T22:57:40 EDT" duration-ms="4531" status="PASS">
          <reporter-output>
          </reporter-output>
        </test-method> <!-- tearDown -->
        <test-method is-config="true" signature="setUp()[pri:0, instance:com.ws.testcase.TestLoginPage@3aaf4f07]" started-at="2024-05-21T22:57:40 EDT" name="setUp" finished-at="2024-05-21T22:57:44 EDT" duration-ms="3426" status="PASS">
          <reporter-output>
          </reporter-output>
        </test-method> <!-- setUp -->
        <test-method signature="testForgotPasswordDisplayed()[pri:3, instance:com.ws.testcase.TestLoginPage@3aaf4f07]" started-at="2024-05-21T22:57:44 EDT" name="testForgotPasswordDisplayed" finished-at="2024-05-21T22:57:45 EDT" duration-ms="652" status="PASS">
          <reporter-output>
          </reporter-output>
        </test-method> <!-- testForgotPasswordDisplayed -->
        <test-method is-config="true" signature="tearDown()[pri:0, instance:com.ws.testcase.TestLoginPage@3aaf4f07]" started-at="2024-05-21T22:57:45 EDT" name="tearDown" finished-at="2024-05-21T22:57:49 EDT" duration-ms="4524" status="PASS">
          <reporter-output>
          </reporter-output>
        </test-method> <!-- tearDown -->
      </class> <!-- com.ws.testcase.TestLoginPage -->
    </test> <!-- Test -->
  </suite> <!-- Suite -->
</testng-results>
